<?xml version="1.0" encoding="UTF-8"?>
<!-- Generated by org.testng.reporters.JUnitXMLReporter -->
<testsuite hostname="CV011020435" ignored="107" name="Test" tests="2" failures="1" timestamp="26 Feb 2021 13:01:54 GMT" time="279.756" errors="0">
  <testcase name="loginToWeb" time="88.509" classname="com.infinite.netsfere.automationtool.suits.EndToEndRegression"/>
  <testcase name="webMuteConversationFromAllConversationPage" time="32.761" classname="com.infinite.netsfere.automationtool.suits.EndToEndRegression">
    <failure type="org.openqa.selenium.NoSuchElementException" message="no such element: Unable to locate element: {&amp;quot;method&amp;quot;:&amp;quot;xpath&amp;quot;,&amp;quot;selector&amp;quot;:&amp;quot;//span/button//span[@class=&amp;apos;icon ion-android-more-vertical&amp;apos;]&amp;quot;}
  (Session info: chrome=88.0.4324.182)
  (Driver info: chromedriver=2.42.591088 (7b2b2dca23cca0862f674758c9a3933e685c27d5),platform=Windows NT 10.0.18363 x86_64) (WARNING: The server did not provide any stacktrace information)
Command duration or timeout: 0 milliseconds
For documentation on this error, please visit: http://seleniumhq.org/exceptions/no_such_element.html
Build info: version: &amp;apos;3.11.0&amp;apos;, revision: &amp;apos;e59cfb3&amp;apos;, time: &amp;apos;2018-03-11T20:26:55.152Z&amp;apos;
System info: host: &amp;apos;CV011020435&amp;apos;, ip: &amp;apos;192.168.43.50&amp;apos;, os.name: &amp;apos;Windows 10&amp;apos;, os.arch: &amp;apos;amd64&amp;apos;, os.version: &amp;apos;10.0&amp;apos;, java.version: &amp;apos;1.8.0_231&amp;apos;
Driver info: org.openqa.selenium.chrome.ChromeDriver
Capabilities {acceptInsecureCerts: false, acceptSslCerts: false, applicationCacheEnabled: false, browserConnectionEnabled: false, browserName: chrome, chrome: {chromedriverVersion: 2.42.591088 (7b2b2dca23cca0..., userDataDir: C:\Users\nrathyak\AppData\L...}, cssSelectorsEnabled: true, databaseEnabled: false, goog:chromeOptions: {debuggerAddress: localhost:57620}, handlesAlerts: true, hasTouchScreen: false, javascriptEnabled: true, locationContextEnabled: true, mobileEmulationEnabled: false, nativeEvents: true, networkConnectionEnabled: false, pageLoadStrategy: normal, platform: XP, platformName: XP, rotatable: false, setWindowRect: true, takesHeapSnapshot: true, takesScreenshot: true, unexpectedAlertBehaviour: , unhandledPromptBehavior: , version: 88.0.4324.182, webStorageEnabled: true}
Session ID: c38733fbbb6263ca78fc67ca85d49250
*** Element info: {Using=xpath, value=//span/button//span[@class=&amp;apos;icon ion-android-more-vertical&amp;apos;]}">
      <![CDATA[org.openqa.selenium.NoSuchElementException: no such element: Unable to locate element: {"method":"xpath","selector":"//span/button//span[@class='icon ion-android-more-vertical']"}
  (Session info: chrome=88.0.4324.182)
  (Driver info: chromedriver=2.42.591088 (7b2b2dca23cca0862f674758c9a3933e685c27d5),platform=Windows NT 10.0.18363 x86_64) (WARNING: The server did not provide any stacktrace information)
Command duration or timeout: 0 milliseconds
For documentation on this error, please visit: http://seleniumhq.org/exceptions/no_such_element.html
Build info: version: '3.11.0', revision: 'e59cfb3', time: '2018-03-11T20:26:55.152Z'
System info: host: 'CV011020435', ip: '192.168.43.50', os.name: 'Windows 10', os.arch: 'amd64', os.version: '10.0', java.version: '1.8.0_231'
Driver info: org.openqa.selenium.chrome.ChromeDriver
Capabilities {acceptInsecureCerts: false, acceptSslCerts: false, applicationCacheEnabled: false, browserConnectionEnabled: false, browserName: chrome, chrome: {chromedriverVersion: 2.42.591088 (7b2b2dca23cca0..., userDataDir: C:\Users\nrathyak\AppData\L...}, cssSelectorsEnabled: true, databaseEnabled: false, goog:chromeOptions: {debuggerAddress: localhost:57620}, handlesAlerts: true, hasTouchScreen: false, javascriptEnabled: true, locationContextEnabled: true, mobileEmulationEnabled: false, nativeEvents: true, networkConnectionEnabled: false, pageLoadStrategy: normal, platform: XP, platformName: XP, rotatable: false, setWindowRect: true, takesHeapSnapshot: true, takesScreenshot: true, unexpectedAlertBehaviour: , unhandledPromptBehavior: , version: 88.0.4324.182, webStorageEnabled: true}
Session ID: c38733fbbb6263ca78fc67ca85d49250
*** Element info: {Using=xpath, value=//span/button//span[@class='icon ion-android-more-vertical']}
at org.openqa.selenium.remote.ErrorHandler.createThrowable(ErrorHandler.java:214)
at org.openqa.selenium.remote.ErrorHandler.throwIfResponseFailed(ErrorHandler.java:166)
at org.openqa.selenium.remote.http.JsonHttpResponseCodec.reconstructValue(JsonHttpResponseCodec.java:40)
at org.openqa.selenium.remote.http.AbstractHttpResponseCodec.decode(AbstractHttpResponseCodec.java:80)
at org.openqa.selenium.remote.http.AbstractHttpResponseCodec.decode(AbstractHttpResponseCodec.java:44)
at org.openqa.selenium.remote.HttpCommandExecutor.execute(HttpCommandExecutor.java:158)
at org.openqa.selenium.remote.service.DriverCommandExecutor.execute(DriverCommandExecutor.java:83)
at org.openqa.selenium.remote.RemoteWebDriver.execute(RemoteWebDriver.java:545)
at org.openqa.selenium.remote.RemoteWebDriver.findElement(RemoteWebDriver.java:319)
at org.openqa.selenium.remote.RemoteWebDriver.findElementByXPath(RemoteWebDriver.java:421)
at org.openqa.selenium.By$ByXPath.findElement(By.java:361)
at org.openqa.selenium.remote.RemoteWebDriver.findElement(RemoteWebDriver.java:311)
at org.openqa.selenium.support.pagefactory.DefaultElementLocator.findElement(DefaultElementLocator.java:69)
at org.openqa.selenium.support.pagefactory.internal.LocatingElementHandler.invoke(LocatingElementHandler.java:38)
at com.sun.proxy.$Proxy30.click(Unknown Source)
at com.infinite.netsfere.automationtool.modules.web.pages.WebConversationsPage.clickOnConvMoreOptions(WebConversationsPage.java:381)
at com.infinite.netsfere.automationtool.modules.web.test.WebConversationTestCases.favoriteConversationFromAllTab(WebConversationTestCases.java:1011)
at com.infinite.netsfere.automationtool.suits.EndToEndRegression.webMuteConversationFromAllConversationPage(EndToEndRegression.java:710)
... Removed 28 stack frames]]>
    </failure>
  </testcase> <!-- webMuteConversationFromAllConversationPage -->
  <testcase name="androidCanEditMeetingPointURL" time="0.0" classname="com.infinite.netsfere.automationtool.suits.EndToEndRegression">
    <ignored/>
  </testcase> <!-- androidCanEditMeetingPointURL -->
  <testcase name="webInitiatesOneToOneCallToGuestUser" time="0.0" classname="com.infinite.netsfere.automationtool.suits.EndToEndRegression">
    <ignored/>
  </testcase> <!-- webInitiatesOneToOneCallToGuestUser -->
  <testcase name="createQuickPollFromAndroidAndParticipantsVote" time="0.0" classname="com.infinite.netsfere.automationtool.suits.EndToEndRegression">
    <ignored/>
  </testcase> <!-- createQuickPollFromAndroidAndParticipantsVote -->
  <testcase name="webStopGroupCallMeeting" time="0.0" classname="com.infinite.netsfere.automationtool.suits.EndToEndRegression">
    <ignored/>
  </testcase> <!-- webStopGroupCallMeeting -->
  <testcase name="androidRemoveGuestUserFromAConversation" time="0.0" classname="com.infinite.netsfere.automationtool.suits.EndToEndRegression">
    <ignored/>
  </testcase> <!-- androidRemoveGuestUserFromAConversation -->
  <testcase name="webCanNavigateToHelpPage" time="0.0" classname="com.infinite.netsfere.automationtool.suits.EndToEndRegression">
    <ignored/>
  </testcase> <!-- webCanNavigateToHelpPage -->
  <testcase name="androidSendMessageToGuestUser" time="0.0" classname="com.infinite.netsfere.automationtool.suits.EndToEndRegression">
    <ignored/>
  </testcase> <!-- androidSendMessageToGuestUser -->
  <testcase name="androidCanEditMobileNumber" time="0.0" classname="com.infinite.netsfere.automationtool.suits.EndToEndRegression">
    <ignored/>
  </testcase> <!-- androidCanEditMobileNumber -->
  <testcase name="loginFromSecondWebUser" time="0.0" classname="com.infinite.netsfere.automationtool.suits.EndToEndRegression">
    <ignored/>
  </testcase> <!-- loginFromSecondWebUser -->
  <testcase name="androidStopOneToOneMeeting" time="0.0" classname="com.infinite.netsfere.automationtool.suits.EndToEndRegression">
    <ignored/>
  </testcase> <!-- androidStopOneToOneMeeting -->
  <testcase name="webInitiateNewCallFromCallLogPage" time="0.0" classname="com.infinite.netsfere.automationtool.suits.EndToEndRegression">
    <ignored/>
  </testcase> <!-- webInitiateNewCallFromCallLogPage -->
  <testcase name="webCanNavigateToLegalAndPrivacyPage" time="0.0" classname="com.infinite.netsfere.automationtool.suits.EndToEndRegression">
    <ignored/>
  </testcase> <!-- webCanNavigateToLegalAndPrivacyPage -->
  <testcase name="androidInitiatesCallAndWebNoAnswer" time="0.0" classname="com.infinite.netsfere.automationtool.suits.EndToEndRegression">
    <ignored/>
  </testcase> <!-- androidInitiatesCallAndWebNoAnswer -->
  <testcase name="androidCanNavigateToLegalAndPrivacyPage" time="0.0" classname="com.infinite.netsfere.automationtool.suits.EndToEndRegression">
    <ignored/>
  </testcase> <!-- androidCanNavigateToLegalAndPrivacyPage -->
  <testcase name="webConversationCleanUp" time="0.0" classname="com.infinite.netsfere.automationtool.suits.EndToEndRegression">
    <ignored/>
  </testcase> <!-- webConversationCleanUp -->
  <testcase name="androidCanConfigureVideoCaptureQuality" time="0.0" classname="com.infinite.netsfere.automationtool.suits.EndToEndRegression">
    <ignored/>
  </testcase> <!-- androidCanConfigureVideoCaptureQuality -->
  <testcase name="acceptMeetingFromAndroid" time="0.0" classname="com.infinite.netsfere.automationtool.suits.EndToEndRegression">
    <ignored/>
  </testcase> <!-- acceptMeetingFromAndroid -->
  <testcase name="androidEnablePopUpNotification" time="0.0" classname="com.infinite.netsfere.automationtool.suits.EndToEndRegression">
    <ignored/>
  </testcase> <!-- androidEnablePopUpNotification -->
  <testcase name="androidSendQuickReplyAndWebReads" time="0.0" classname="com.infinite.netsfere.automationtool.suits.EndToEndRegression">
    <ignored/>
  </testcase> <!-- androidSendQuickReplyAndWebReads -->
  <testcase name="webInitiatesAGroupCallAndAndroidRejectsTheCall" time="0.0" classname="com.infinite.netsfere.automationtool.suits.EndToEndRegression">
    <ignored/>
  </testcase> <!-- webInitiatesAGroupCallAndAndroidRejectsTheCall -->
  <testcase name="webStartLiveMeeting" time="0.0" classname="com.infinite.netsfere.automationtool.suits.EndToEndRegression">
    <ignored/>
  </testcase> <!-- webStartLiveMeeting -->
  <testcase name="webCreateMeetingForGroupCallFromConversation" time="0.0" classname="com.infinite.netsfere.automationtool.suits.EndToEndRegression">
    <ignored/>
  </testcase> <!-- webCreateMeetingForGroupCallFromConversation -->
  <testcase name="webCantWriteToAReadableChannel" time="0.0" classname="com.infinite.netsfere.automationtool.suits.EndToEndRegression">
    <ignored/>
  </testcase> <!-- webCantWriteToAReadableChannel -->
  <testcase name="androidWritesToWriteableChannelAndWebReadsTheMessage" time="0.0" classname="com.infinite.netsfere.automationtool.suits.EndToEndRegression">
    <ignored/>
  </testcase> <!-- androidWritesToWriteableChannelAndWebReadsTheMessage -->
  <testcase name="guestLabelInWeb" time="0.0" classname="com.infinite.netsfere.automationtool.suits.EndToEndRegression">
    <ignored/>
  </testcase> <!-- guestLabelInWeb -->
  <testcase name="webCreateConversationWithExistingGuestUser" time="0.0" classname="com.infinite.netsfere.automationtool.suits.EndToEndRegression">
    <ignored/>
  </testcase> <!-- webCreateConversationWithExistingGuestUser -->
  <testcase name="androidCreateMeetingForOneToOneCallFromMeetingsPage" time="0.0" classname="com.infinite.netsfere.automationtool.suits.EndToEndRegression">
    <ignored/>
  </testcase> <!-- androidCreateMeetingForOneToOneCallFromMeetingsPage -->
  <testcase name="webOwnerCanMuteAllParticipants" time="0.0" classname="com.infinite.netsfere.automationtool.suits.EndToEndRegression">
    <ignored/>
  </testcase> <!-- webOwnerCanMuteAllParticipants -->
  <testcase name="androidChangePassword" time="0.0" classname="com.infinite.netsfere.automationtool.suits.EndToEndRegression">
    <ignored/>
  </testcase> <!-- androidChangePassword -->
  <testcase name="androidInitiatesAGroupCallAndParticipantsAccept" time="0.0" classname="com.infinite.netsfere.automationtool.suits.EndToEndRegression">
    <ignored/>
  </testcase> <!-- androidInitiatesAGroupCallAndParticipantsAccept -->
  <testcase name="webWritesToWriteableChannelAndAndroidReadsTheMessage" time="0.0" classname="com.infinite.netsfere.automationtool.suits.EndToEndRegression">
    <ignored/>
  </testcase> <!-- webWritesToWriteableChannelAndAndroidReadsTheMessage -->
  <testcase name="webStopOneToOneMeeting" time="0.0" classname="com.infinite.netsfere.automationtool.suits.EndToEndRegression">
    <ignored/>
  </testcase> <!-- webStopOneToOneMeeting -->
  <testcase name="webInitiatesAGroupCallAndParticipantsLeaveTheCall" time="0.0" classname="com.infinite.netsfere.automationtool.suits.EndToEndRegression">
    <ignored/>
  </testcase> <!-- webInitiatesAGroupCallAndParticipantsLeaveTheCall -->
  <testcase name="androidInitiatesCallAndWebDeclines" time="0.0" classname="com.infinite.netsfere.automationtool.suits.EndToEndRegression">
    <ignored/>
  </testcase> <!-- androidInitiatesCallAndWebDeclines -->
  <testcase name="androidInitiatesOneToOneCallToGuestUser" time="0.0" classname="com.infinite.netsfere.automationtool.suits.EndToEndRegression">
    <ignored/>
  </testcase> <!-- androidInitiatesOneToOneCallToGuestUser -->
  <testcase name="webDeleteMultipleCallLogs" time="0.0" classname="com.infinite.netsfere.automationtool.suits.EndToEndRegression">
    <ignored/>
  </testcase> <!-- webDeleteMultipleCallLogs -->
  <testcase name="webCreateMeetingForOneToOneCallFromMeetingsPage" time="0.0" classname="com.infinite.netsfere.automationtool.suits.EndToEndRegression">
    <ignored/>
  </testcase> <!-- webCreateMeetingForOneToOneCallFromMeetingsPage -->
  <testcase name="androidCreatingMeetingForLiveFromChatPage" time="0.0" classname="com.infinite.netsfere.automationtool.suits.EndToEndRegression">
    <ignored/>
  </testcase> <!-- androidCreatingMeetingForLiveFromChatPage -->
  <testcase name="androidInitiatesAGroupCallAndWebRejectsTheCall" time="0.0" classname="com.infinite.netsfere.automationtool.suits.EndToEndRegression">
    <ignored/>
  </testcase> <!-- androidInitiatesAGroupCallAndWebRejectsTheCall -->
  <testcase name="androidCanEditQuickReply" time="0.0" classname="com.infinite.netsfere.automationtool.suits.EndToEndRegression">
    <ignored/>
  </testcase> <!-- androidCanEditQuickReply -->
  <testcase name="androidCreateConversationWithExistingGuestUser" time="0.0" classname="com.infinite.netsfere.automationtool.suits.EndToEndRegression">
    <ignored/>
  </testcase> <!-- androidCreateConversationWithExistingGuestUser -->
  <testcase name="androidCreateMeetingForGroupCallFromMeetingsPage" time="0.0" classname="com.infinite.netsfere.automationtool.suits.EndToEndRegression">
    <ignored/>
  </testcase> <!-- androidCreateMeetingForGroupCallFromMeetingsPage -->
  <testcase name="webMakesAGroupCallToGuestUser" time="0.0" classname="com.infinite.netsfere.automationtool.suits.EndToEndRegression">
    <ignored/>
  </testcase> <!-- webMakesAGroupCallToGuestUser -->
  <testcase name="webCreateMeetingForOneToOneCallFromConversation" time="0.0" classname="com.infinite.netsfere.automationtool.suits.EndToEndRegression">
    <ignored/>
  </testcase> <!-- webCreateMeetingForOneToOneCallFromConversation -->
  <testcase name="androidCreateMeetingForGroupCallFromConversation" time="0.0" classname="com.infinite.netsfere.automationtool.suits.EndToEndRegression">
    <ignored/>
  </testcase> <!-- androidCreateMeetingForGroupCallFromConversation -->
  <testcase name="webSendQuickReplyAndAndroidReads" time="0.0" classname="com.infinite.netsfere.automationtool.suits.EndToEndRegression">
    <ignored/>
  </testcase> <!-- webSendQuickReplyAndAndroidReads -->
  <testcase name="webSearchAndSelectChannelAndCancelChannel" time="0.0" classname="com.infinite.netsfere.automationtool.suits.EndToEndRegression">
    <ignored/>
  </testcase> <!-- webSearchAndSelectChannelAndCancelChannel -->
  <testcase name="webMuteTheCall" time="0.0" classname="com.infinite.netsfere.automationtool.suits.EndToEndRegression">
    <ignored/>
  </testcase> <!-- webMuteTheCall -->
  <testcase name="webSearchMissedCallFromMissedCallTab" time="0.0" classname="com.infinite.netsfere.automationtool.suits.EndToEndRegression">
    <ignored/>
  </testcase> <!-- webSearchMissedCallFromMissedCallTab -->
  <testcase name="androidAddGuestUserToExistingConversation" time="0.0" classname="com.infinite.netsfere.automationtool.suits.EndToEndRegression">
    <ignored/>
  </testcase> <!-- androidAddGuestUserToExistingConversation -->
  <testcase name="androidInitiatesCallFromExistingCallLogs" time="0.0" classname="com.infinite.netsfere.automationtool.suits.EndToEndRegression">
    <ignored/>
  </testcase> <!-- androidInitiatesCallFromExistingCallLogs -->
  <testcase name="androidCanViewVersionInfo" time="0.0" classname="com.infinite.netsfere.automationtool.suits.EndToEndRegression">
    <ignored/>
  </testcase> <!-- androidCanViewVersionInfo -->
  <testcase name="webunMuteConversationFromAllConversationPage" time="0.0" classname="com.infinite.netsfere.automationtool.suits.EndToEndRegression">
    <ignored/>
  </testcase> <!-- webunMuteConversationFromAllConversationPage -->
  <testcase name="androidStartBroadcastLiveEndBroadcastLive" time="0.0" classname="com.infinite.netsfere.automationtool.suits.EndToEndRegression">
    <ignored/>
  </testcase> <!-- androidStartBroadcastLiveEndBroadcastLive -->
  <testcase name="androidDeleteAllCallLogs" time="0.0" classname="com.infinite.netsfere.automationtool.suits.EndToEndRegression">
    <ignored/>
  </testcase> <!-- androidDeleteAllCallLogs -->
  <testcase name="createQuickPollFromWebAndParticipantsVote" time="0.0" classname="com.infinite.netsfere.automationtool.suits.EndToEndRegression">
    <ignored/>
  </testcase> <!-- createQuickPollFromWebAndParticipantsVote -->
  <testcase name="guestLabelInAndroid" time="0.0" classname="com.infinite.netsfere.automationtool.suits.EndToEndRegression">
    <ignored/>
  </testcase> <!-- guestLabelInAndroid -->
  <testcase name="androidMakesAGroupCallToGuestUser" time="0.0" classname="com.infinite.netsfere.automationtool.suits.EndToEndRegression">
    <ignored/>
  </testcase> <!-- androidMakesAGroupCallToGuestUser -->
  <testcase name="webSendsMessageDuringCall" time="0.0" classname="com.infinite.netsfere.automationtool.suits.EndToEndRegression">
    <ignored/>
  </testcase> <!-- webSendsMessageDuringCall -->
  <testcase name="androidStartLiveMeeting" time="0.0" classname="com.infinite.netsfere.automationtool.suits.EndToEndRegression">
    <ignored/>
  </testcase> <!-- androidStartLiveMeeting -->
  <testcase name="androidOwnerCanMuteAllParticipants" time="0.0" classname="com.infinite.netsfere.automationtool.suits.EndToEndRegression">
    <ignored/>
  </testcase> <!-- androidOwnerCanMuteAllParticipants -->
  <testcase name="webStartOneToOneMeeting" time="0.0" classname="com.infinite.netsfere.automationtool.suits.EndToEndRegression">
    <ignored/>
  </testcase> <!-- webStartOneToOneMeeting -->
  <testcase name="androidDisablePopUpNotification" time="0.0" classname="com.infinite.netsfere.automationtool.suits.EndToEndRegression">
    <ignored/>
  </testcase> <!-- androidDisablePopUpNotification -->
  <testcase name="androidEnableNetsfereRingtone" time="0.0" classname="com.infinite.netsfere.automationtool.suits.EndToEndRegression">
    <ignored/>
  </testcase> <!-- androidEnableNetsfereRingtone -->
  <testcase name="androidStartOneToOneMeeting" time="0.0" classname="com.infinite.netsfere.automationtool.suits.EndToEndRegression">
    <ignored/>
  </testcase> <!-- androidStartOneToOneMeeting -->
  <testcase name="webCreatingMeetingFromChatPage" time="0.0" classname="com.infinite.netsfere.automationtool.suits.EndToEndRegression">
    <ignored/>
  </testcase> <!-- webCreatingMeetingFromChatPage -->
  <testcase name="webStartGroupCallMeeting" time="0.0" classname="com.infinite.netsfere.automationtool.suits.EndToEndRegression">
    <ignored/>
  </testcase> <!-- webStartGroupCallMeeting -->
  <testcase name="webInitiatesCallAndMissedCallAtAndroid" time="0.0" classname="com.infinite.netsfere.automationtool.suits.EndToEndRegression">
    <ignored/>
  </testcase> <!-- webInitiatesCallAndMissedCallAtAndroid -->
  <testcase name="androidLogoutFromSettingsPage" time="0.0" classname="com.infinite.netsfere.automationtool.suits.EndToEndRegression">
    <ignored/>
  </testcase> <!-- androidLogoutFromSettingsPage -->
  <testcase name="webCreateMeetingForGroupCallFromMeetingsPage" time="0.0" classname="com.infinite.netsfere.automationtool.suits.EndToEndRegression">
    <ignored/>
  </testcase> <!-- webCreateMeetingForGroupCallFromMeetingsPage -->
  <testcase name="webStopLiveMeeting" time="0.0" classname="com.infinite.netsfere.automationtool.suits.EndToEndRegression">
    <ignored/>
  </testcase> <!-- webStopLiveMeeting -->
  <testcase name="webCanEditMeetingPointURL" time="0.0" classname="com.infinite.netsfere.automationtool.suits.EndToEndRegression">
    <ignored/>
  </testcase> <!-- webCanEditMeetingPointURL -->
  <testcase name="loginToAndroid" time="0.0" classname="com.infinite.netsfere.automationtool.suits.EndToEndRegression">
    <ignored/>
  </testcase> <!-- loginToAndroid -->
  <testcase name="webRemoveGuestFromAConversation" time="0.0" classname="com.infinite.netsfere.automationtool.suits.EndToEndRegression">
    <ignored/>
  </testcase> <!-- webRemoveGuestFromAConversation -->
  <testcase name="androidSearchAndSelectChannelAndCancelChannel" time="0.0" classname="com.infinite.netsfere.automationtool.suits.EndToEndRegression">
    <ignored/>
  </testcase> <!-- androidSearchAndSelectChannelAndCancelChannel -->
  <testcase name="webCanEditQuickReply" time="0.0" classname="com.infinite.netsfere.automationtool.suits.EndToEndRegression">
    <ignored/>
  </testcase> <!-- webCanEditQuickReply -->
  <testcase name="webSendLocationToGuestUser" time="0.0" classname="com.infinite.netsfere.automationtool.suits.EndToEndRegression">
    <ignored/>
  </testcase> <!-- webSendLocationToGuestUser -->
  <testcase name="webAddGuestUserToExistingConversation" time="0.0" classname="com.infinite.netsfere.automationtool.suits.EndToEndRegression">
    <ignored/>
  </testcase> <!-- webAddGuestUserToExistingConversation -->
  <testcase name="acceptMeetingFromWeb" time="0.0" classname="com.infinite.netsfere.automationtool.suits.EndToEndRegression">
    <ignored/>
  </testcase> <!-- acceptMeetingFromWeb -->
  <testcase name="androidCreateMeetingForOneToOneCallFromConversation" time="0.0" classname="com.infinite.netsfere.automationtool.suits.EndToEndRegression">
    <ignored/>
  </testcase> <!-- androidCreateMeetingForOneToOneCallFromConversation -->
  <testcase name="webInitiateAGroupCallAndParticipantsAccept" time="0.0" classname="com.infinite.netsfere.automationtool.suits.EndToEndRegression">
    <ignored/>
  </testcase> <!-- webInitiateAGroupCallAndParticipantsAccept -->
  <testcase name="androidInitiatesOneToOneCallAndWebAccepts" time="0.0" classname="com.infinite.netsfere.automationtool.suits.EndToEndRegression">
    <ignored/>
  </testcase> <!-- androidInitiatesOneToOneCallAndWebAccepts -->
  <testcase name="androidSendLocationToGuestUser" time="0.0" classname="com.infinite.netsfere.automationtool.suits.EndToEndRegression">
    <ignored/>
  </testcase> <!-- androidSendLocationToGuestUser -->
  <testcase name="androidSendLocationInWriteableChannel" time="0.0" classname="com.infinite.netsfere.automationtool.suits.EndToEndRegression">
    <ignored/>
  </testcase> <!-- androidSendLocationInWriteableChannel -->
  <testcase name="androidCanViewDeveloperInfo" time="0.0" classname="com.infinite.netsfere.automationtool.suits.EndToEndRegression">
    <ignored/>
  </testcase> <!-- androidCanViewDeveloperInfo -->
  <testcase name="webInitiatesOneToOneCallAndAndroidAccepts" time="0.0" classname="com.infinite.netsfere.automationtool.suits.EndToEndRegression">
    <ignored/>
  </testcase> <!-- webInitiatesOneToOneCallAndAndroidAccepts -->
  <testcase name="androidCanNavigateToOpenSourceLicences" time="0.0" classname="com.infinite.netsfere.automationtool.suits.EndToEndRegression">
    <ignored/>
  </testcase> <!-- androidCanNavigateToOpenSourceLicences -->
  <testcase name="webInitiatesCallAndAndroidRejects" time="0.0" classname="com.infinite.netsfere.automationtool.suits.EndToEndRegression">
    <ignored/>
  </testcase> <!-- webInitiatesCallAndAndroidRejects -->
  <testcase name="androidInitiateNewCallFromCallLogPage" time="0.0" classname="com.infinite.netsfere.automationtool.suits.EndToEndRegression">
    <ignored/>
  </testcase> <!-- androidInitiateNewCallFromCallLogPage -->
  <testcase name="webDeleteAllCallLogs" time="0.0" classname="com.infinite.netsfere.automationtool.suits.EndToEndRegression">
    <ignored/>
  </testcase> <!-- webDeleteAllCallLogs -->
  <testcase name="webCanViewDeveloperInfo" time="0.0" classname="com.infinite.netsfere.automationtool.suits.EndToEndRegression">
    <ignored/>
  </testcase> <!-- webCanViewDeveloperInfo -->
  <testcase name="webInitiatesCallFromExistingCallLogs" time="0.0" classname="com.infinite.netsfere.automationtool.suits.EndToEndRegression">
    <ignored/>
  </testcase> <!-- webInitiatesCallFromExistingCallLogs -->
  <testcase name="androidDisableNetsfereRingtone" time="0.0" classname="com.infinite.netsfere.automationtool.suits.EndToEndRegression">
    <ignored/>
  </testcase> <!-- androidDisableNetsfereRingtone -->
  <testcase name="androidStopLiveMeeting" time="0.0" classname="com.infinite.netsfere.automationtool.suits.EndToEndRegression">
    <ignored/>
  </testcase> <!-- androidStopLiveMeeting -->
  <testcase name="androidCreatingMeetingForLiveFromMeetingPage" time="0.0" classname="com.infinite.netsfere.automationtool.suits.EndToEndRegression">
    <ignored/>
  </testcase> <!-- androidCreatingMeetingForLiveFromMeetingPage -->
  <testcase name="webSendMessageToGuestUser" time="0.0" classname="com.infinite.netsfere.automationtool.suits.EndToEndRegression">
    <ignored/>
  </testcase> <!-- webSendMessageToGuestUser -->
  <testcase name="webStartBroadcastLiveAndEndBroadcastLive" time="0.0" classname="com.infinite.netsfere.automationtool.suits.EndToEndRegression">
    <ignored/>
  </testcase> <!-- webStartBroadcastLiveAndEndBroadcastLive -->
  <testcase name="webToggleSpeaker" time="0.0" classname="com.infinite.netsfere.automationtool.suits.EndToEndRegression">
    <ignored/>
  </testcase> <!-- webToggleSpeaker -->
  <testcase name="webInitiatesAGroupCallAndAndroidRejoinsTheCall" time="0.0" classname="com.infinite.netsfere.automationtool.suits.EndToEndRegression">
    <ignored/>
  </testcase> <!-- webInitiatesAGroupCallAndAndroidRejoinsTheCall -->
  <testcase name="androidDestroyConversationWithGuest" time="0.0" classname="com.infinite.netsfere.automationtool.suits.EndToEndRegression">
    <ignored/>
  </testcase> <!-- androidDestroyConversationWithGuest -->
  <testcase name="webSendLocationInWriteableChannel" time="0.0" classname="com.infinite.netsfere.automationtool.suits.EndToEndRegression">
    <ignored/>
  </testcase> <!-- webSendLocationInWriteableChannel -->
  <testcase name="webDestroyConversationWithGuest" time="0.0" classname="com.infinite.netsfere.automationtool.suits.EndToEndRegression">
    <ignored/>
  </testcase> <!-- webDestroyConversationWithGuest -->
  <testcase name="androidCantWriteToAReadableChannel" time="0.0" classname="com.infinite.netsfere.automationtool.suits.EndToEndRegression">
    <ignored/>
  </testcase> <!-- androidCantWriteToAReadableChannel -->
  <testcase name="androidSearchMissedCallFromMissedCallTab" time="0.0" classname="com.infinite.netsfere.automationtool.suits.EndToEndRegression">
    <ignored/>
  </testcase> <!-- androidSearchMissedCallFromMissedCallTab -->
  <testcase name="webCreatingMeetingForLiveFromMeetingPage" time="0.0" classname="com.infinite.netsfere.automationtool.suits.EndToEndRegression">
    <ignored/>
  </testcase> <!-- webCreatingMeetingForLiveFromMeetingPage -->
  <testcase name="webCanViewVersionInfo" time="0.0" classname="com.infinite.netsfere.automationtool.suits.EndToEndRegression">
    <ignored/>
  </testcase> <!-- webCanViewVersionInfo -->
  <testcase name="webChangePassword" time="0.0" classname="com.infinite.netsfere.automationtool.suits.EndToEndRegression">
    <ignored/>
  </testcase> <!-- webChangePassword -->
</testsuite> <!-- Test -->
