<?xml version="1.0" encoding="UTF-8"?>
<!-- Generated by org.testng.reporters.JUnitXMLReporter -->
<testsuite hostname="CV011020435" ignored="72" name="Test" tests="13" failures="5" timestamp="31 Mar 2021 12:47:34 GMT" time="1585.323" errors="0">
  <testcase name="loginToWeb" time="26.914" classname="com.infinite.netsfere.automationtool.suits.EndToENdSanity"/>
  <testcase name="loginToAndroid" time="34.609" classname="com.infinite.netsfere.automationtool.suits.EndToENdSanity"/>
  <testcase name="androidInitiatesOneToOneCallFromConversationAndWebAccepts" time="80.536" classname="com.infinite.netsfere.automationtool.suits.EndToENdSanity"/>
  <testcase name="androidInitiatesCallFromContactsAndWebDeclines" time="71.881" classname="com.infinite.netsfere.automationtool.suits.EndToENdSanity"/>
  <testcase name="webInitiatesOneToOneCallFromConversationAndAndroidAccepts" time="106.972" classname="com.infinite.netsfere.automationtool.suits.EndToENdSanity"/>
  <testcase name="webInitiatesCallFromContactsAndAndroidRejects" time="190.401" classname="com.infinite.netsfere.automationtool.suits.EndToENdSanity"/>
  <testcase name="webInitiateNewCallFromCallLogPage" time="164.263" classname="com.infinite.netsfere.automationtool.suits.EndToENdSanity">
    <failure type="org.openqa.selenium.TimeoutException" message="Expected condition failed: waiting for presence of element located by: By.xpath: //android.widget.TextView[@resource-id=&amp;apos;android:id/text&amp;apos; and @text=&amp;apos;Incoming Audio Call…&amp;apos;] (tried for 130 second(s) with 500 milliseconds interval)">
      <![CDATA[org.openqa.selenium.TimeoutException: Expected condition failed: waiting for presence of element located by: By.xpath: //android.widget.TextView[@resource-id='android:id/text' and @text='Incoming Audio Call…'] (tried for 130 second(s) with 500 milliseconds interval)
at org.openqa.selenium.support.ui.WebDriverWait.timeoutException(WebDriverWait.java:81)
at org.openqa.selenium.support.ui.FluentWait.until(FluentWait.java:271)
at com.infinite.netsfere.automationtool.modules.android.pages.HDOneToOneCallElements.incomingAudioCallNotification(HDOneToOneCallElements.java:86)
at com.infinite.netsfere.automationtool.modules.android.test.HDOneToOneCallTestCases.receivesIncomingHDCall(HDOneToOneCallTestCases.java:177)
at com.infinite.netsfere.automationtool.suits.EndToENdSanity.webInitiateNewCallFromCallLogPage(EndToENdSanity.java:1299)
Caused by: org.openqa.selenium.NoSuchElementException: Cannot locate an element using By.xpath: //android.widget.TextView[@resource-id='android:id/text' and @text='Incoming Audio Call…']
For documentation on this error, please visit: http://seleniumhq.org/exceptions/no_such_element.html
Build info: version: '3.11.0', revision: 'e59cfb3', time: '2018-03-11T20:26:55.152Z'
System info: host: 'CV011020435', ip: '192.168.43.50', os.name: 'Windows 10', os.arch: 'amd64', os.version: '10.0', java.version: '1.8.0_231'
Driver info: driver.version: unknown
at org.openqa.selenium.support.ui.ExpectedConditions.lambda$findElement$0(ExpectedConditions.java:896)
at java.util.Optional.orElseThrow(Unknown Source)
at org.openqa.selenium.support.ui.ExpectedConditions.findElement(ExpectedConditions.java:895)
at org.openqa.selenium.support.ui.ExpectedConditions.access$000(ExpectedConditions.java:44)
at org.openqa.selenium.support.ui.ExpectedConditions$6.apply(ExpectedConditions.java:183)
at org.openqa.selenium.support.ui.ExpectedConditions$6.apply(ExpectedConditions.java:180)
at org.openqa.selenium.support.ui.FluentWait.until(FluentWait.java:248)
... 28 more
... Removed 25 stack frames]]>
    </failure>
  </testcase> <!-- webInitiateNewCallFromCallLogPage -->
  <testcase name="androidInitiateNewCallFromCallLogPage" time="41.837" classname="com.infinite.netsfere.automationtool.suits.EndToENdSanity"/>
  <testcase name="webSendsMessageDuringCall" time="157.694" classname="com.infinite.netsfere.automationtool.suits.EndToENdSanity"/>
  <testcase name="initiateOneToOneVideoCallFromWeb" time="189.658" classname="com.infinite.netsfere.automationtool.suits.EndToENdSanity">
    <failure type="org.openqa.selenium.TimeoutException" message="Expected condition failed: waiting for presence of element located by: By.xpath: //android.widget.TextView[@resource-id=&amp;apos;android:id/text&amp;apos; and @text=&amp;apos;Incoming Video Call…&amp;apos;] (tried for 130 second(s) with 500 milliseconds interval)">
      <![CDATA[org.openqa.selenium.TimeoutException: Expected condition failed: waiting for presence of element located by: By.xpath: //android.widget.TextView[@resource-id='android:id/text' and @text='Incoming Video Call…'] (tried for 130 second(s) with 500 milliseconds interval)
at org.openqa.selenium.support.ui.WebDriverWait.timeoutException(WebDriverWait.java:81)
at org.openqa.selenium.support.ui.FluentWait.until(FluentWait.java:271)
at com.infinite.netsfere.automationtool.modules.android.pages.HDOneToOneCallElements.incomingVideoCallNotification(HDOneToOneCallElements.java:100)
at com.infinite.netsfere.automationtool.modules.android.test.GroupCallTestCases.androidReceivesGroupVideoCall(GroupCallTestCases.java:117)
at com.infinite.netsfere.automationtool.suits.EndToENdSanity.initiateOneToOneVideoCallFromWeb(EndToENdSanity.java:1619)
Caused by: org.openqa.selenium.NoSuchElementException: Cannot locate an element using By.xpath: //android.widget.TextView[@resource-id='android:id/text' and @text='Incoming Video Call…']
For documentation on this error, please visit: http://seleniumhq.org/exceptions/no_such_element.html
Build info: version: '3.11.0', revision: 'e59cfb3', time: '2018-03-11T20:26:55.152Z'
System info: host: 'CV011020435', ip: '192.168.43.50', os.name: 'Windows 10', os.arch: 'amd64', os.version: '10.0', java.version: '1.8.0_231'
Driver info: driver.version: unknown
at org.openqa.selenium.support.ui.ExpectedConditions.lambda$findElement$0(ExpectedConditions.java:896)
at java.util.Optional.orElseThrow(Unknown Source)
at org.openqa.selenium.support.ui.ExpectedConditions.findElement(ExpectedConditions.java:895)
at org.openqa.selenium.support.ui.ExpectedConditions.access$000(ExpectedConditions.java:44)
at org.openqa.selenium.support.ui.ExpectedConditions$6.apply(ExpectedConditions.java:183)
at org.openqa.selenium.support.ui.ExpectedConditions$6.apply(ExpectedConditions.java:180)
at org.openqa.selenium.support.ui.FluentWait.until(FluentWait.java:248)
... 28 more
... Removed 25 stack frames]]>
    </failure>
  </testcase> <!-- initiateOneToOneVideoCallFromWeb -->
  <testcase name="initiateOneToOneVideoCallFromAndroid" time="86.904" classname="com.infinite.netsfere.automationtool.suits.EndToENdSanity">
    <failure type="java.lang.AssertionError" message="expected [true] but found [false]">
      <![CDATA[java.lang.AssertionError: expected [true] but found [false]
at com.infinite.netsfere.automationtool.modules.android.test.VideoCallTestCases.endOneToOneVideoCall(VideoCallTestCases.java:73)
at com.infinite.netsfere.automationtool.suits.EndToENdSanity.initiateOneToOneVideoCallFromAndroid(EndToENdSanity.java:1630)
... Removed 29 stack frames]]>
    </failure>
  </testcase> <!-- initiateOneToOneVideoCallFromAndroid -->
  <testcase name="initiateVideoCallFromWeb" time="208.228" classname="com.infinite.netsfere.automationtool.suits.EndToENdSanity">
    <failure type="org.openqa.selenium.TimeoutException" message="Expected condition failed: waiting for presence of element located by: By.xpath: //android.widget.TextView[@resource-id=&amp;apos;android:id/text&amp;apos; and @text=&amp;apos;Incoming Video Call…&amp;apos;] (tried for 130 second(s) with 500 milliseconds interval)">
      <![CDATA[org.openqa.selenium.TimeoutException: Expected condition failed: waiting for presence of element located by: By.xpath: //android.widget.TextView[@resource-id='android:id/text' and @text='Incoming Video Call…'] (tried for 130 second(s) with 500 milliseconds interval)
at org.openqa.selenium.support.ui.WebDriverWait.timeoutException(WebDriverWait.java:81)
at org.openqa.selenium.support.ui.FluentWait.until(FluentWait.java:271)
at com.infinite.netsfere.automationtool.modules.android.pages.HDOneToOneCallElements.incomingVideoCallNotification(HDOneToOneCallElements.java:100)
at com.infinite.netsfere.automationtool.modules.android.test.GroupCallTestCases.androidReceivesGroupVideoCall(GroupCallTestCases.java:117)
at com.infinite.netsfere.automationtool.suits.EndToENdSanity.initiateVideoCallFromWeb(EndToENdSanity.java:1641)
Caused by: org.openqa.selenium.NoSuchElementException: Cannot locate an element using By.xpath: //android.widget.TextView[@resource-id='android:id/text' and @text='Incoming Video Call…']
For documentation on this error, please visit: http://seleniumhq.org/exceptions/no_such_element.html
Build info: version: '3.11.0', revision: 'e59cfb3', time: '2018-03-11T20:26:55.152Z'
System info: host: 'CV011020435', ip: '192.168.43.50', os.name: 'Windows 10', os.arch: 'amd64', os.version: '10.0', java.version: '1.8.0_231'
Driver info: driver.version: unknown
at org.openqa.selenium.support.ui.ExpectedConditions.lambda$findElement$0(ExpectedConditions.java:896)
at java.util.Optional.orElseThrow(Unknown Source)
at org.openqa.selenium.support.ui.ExpectedConditions.findElement(ExpectedConditions.java:895)
at org.openqa.selenium.support.ui.ExpectedConditions.access$000(ExpectedConditions.java:44)
at org.openqa.selenium.support.ui.ExpectedConditions$6.apply(ExpectedConditions.java:183)
at org.openqa.selenium.support.ui.ExpectedConditions$6.apply(ExpectedConditions.java:180)
at org.openqa.selenium.support.ui.FluentWait.until(FluentWait.java:248)
... 28 more
... Removed 25 stack frames]]>
    </failure>
  </testcase> <!-- initiateVideoCallFromWeb -->
  <testcase name="initiateVideoCallFromAndroid" time="88.689" classname="com.infinite.netsfere.automationtool.suits.EndToENdSanity">
    <failure type="org.openqa.selenium.NoSuchElementException" message="Can&amp;apos;t locate an element by this strategy: By.chained({By.xpath: //android.widget.TextView[@resource-id=&amp;apos;com.infinite.netsfere:id/ring_message_info&amp;apos;]})">
      <![CDATA[org.openqa.selenium.NoSuchElementException: Can't locate an element by this strategy: By.chained({By.xpath: //android.widget.TextView[@resource-id='com.infinite.netsfere:id/ring_message_info']})
at io.appium.java_client.pagefactory.AppiumElementLocator.findElement(AppiumElementLocator.java:148)
at io.appium.java_client.pagefactory.interceptors.InterceptorOfASingleElement.intercept(InterceptorOfASingleElement.java:60)
at io.appium.java_client.android.AndroidElement$$EnhancerByCGLIB$$b598166c.isDisplayed(<generated>)
at com.infinite.netsfere.automationtool.modules.android.pages.VideoCallPage.clickOnVideoCallButton(VideoCallPage.java:56)
at com.infinite.netsfere.automationtool.modules.android.test.VideoCallTestCases.initiateVideoCall(VideoCallTestCases.java:44)
at com.infinite.netsfere.automationtool.suits.EndToENdSanity.initiateVideoCallFromAndroid(EndToENdSanity.java:1651)
Caused by: org.openqa.selenium.TimeoutException: Expected condition failed: waiting for io.appium.java_client.pagefactory.AppiumElementLocator$WaitingFunction@70e29e14 (tried for 1 second(s) with 500 milliseconds interval)
at org.openqa.selenium.support.ui.FluentWait.timeoutException(FluentWait.java:303)
at org.openqa.selenium.support.ui.FluentWait.until(FluentWait.java:271)
at io.appium.java_client.pagefactory.AppiumElementLocator.waitFor(AppiumElementLocator.java:121)
at io.appium.java_client.pagefactory.AppiumElementLocator.findElement(AppiumElementLocator.java:141)
... 30 more
Caused by: org.openqa.selenium.NoSuchElementException: Cannot locate an element using By.chained({By.xpath: //android.widget.TextView[@resource-id='com.infinite.netsfere:id/ring_message_info']})
For documentation on this error, please visit: http://seleniumhq.org/exceptions/no_such_element.html
Build info: version: '3.11.0', revision: 'e59cfb3', time: '2018-03-11T20:26:55.152Z'
System info: host: 'CV011020435', ip: '192.168.43.50', os.name: 'Windows 10', os.arch: 'amd64', os.version: '10.0', java.version: '1.8.0_231'
Driver info: driver.version: AndroidDriver
at io.appium.java_client.pagefactory.bys.builder.ByChained.findElement(ByChained.java:74)
at org.openqa.selenium.remote.RemoteWebDriver.findElement(RemoteWebDriver.java:311)
at io.appium.java_client.DefaultGenericMobileDriver.findElement(DefaultGenericMobileDriver.java:58)
at io.appium.java_client.AppiumDriver.findElement(AppiumDriver.java:1)
at io.appium.java_client.android.AndroidDriver.findElement(AndroidDriver.java:1)
at io.appium.java_client.pagefactory.bys.ContentMappedBy.findElement(ContentMappedBy.java:50)
at org.openqa.selenium.remote.RemoteWebDriver.findElement(RemoteWebDriver.java:311)
at io.appium.java_client.DefaultGenericMobileDriver.findElement(DefaultGenericMobileDriver.java:58)
at io.appium.java_client.AppiumDriver.findElement(AppiumDriver.java:1)
at io.appium.java_client.android.AndroidDriver.findElement(AndroidDriver.java:1)
at io.appium.java_client.pagefactory.AppiumElementLocator.lambda$0(AppiumElementLocator.java:142)
at io.appium.java_client.pagefactory.AppiumElementLocator$WaitingFunction.apply(AppiumElementLocator.java:194)
at io.appium.java_client.pagefactory.AppiumElementLocator$WaitingFunction.apply(AppiumElementLocator.java:1)
at org.openqa.selenium.support.ui.FluentWait.until(FluentWait.java:248)
... 32 more
... Removed 25 stack frames]]>
    </failure>
  </testcase> <!-- initiateVideoCallFromAndroid -->
  <testcase name="webInlineReply" time="0.0" classname="com.infinite.netsfere.automationtool.suits.EndToENdSanity">
    <ignored/>
  </testcase> <!-- webInlineReply -->
  <testcase name="searchSelectConversationInAndroid" time="0.0" classname="com.infinite.netsfere.automationtool.suits.EndToENdSanity">
    <ignored/>
  </testcase> <!-- searchSelectConversationInAndroid -->
  <testcase name="androidRemoveParticipant" time="0.0" classname="com.infinite.netsfere.automationtool.suits.EndToENdSanity">
    <ignored/>
  </testcase> <!-- androidRemoveParticipant -->
  <testcase name="androidCreateConversationWithExistingGuestUser" time="0.0" classname="com.infinite.netsfere.automationtool.suits.EndToENdSanity">
    <ignored/>
  </testcase> <!-- androidCreateConversationWithExistingGuestUser -->
  <testcase name="webForwardsAMessageToMultipleConversations" time="0.0" classname="com.infinite.netsfere.automationtool.suits.EndToENdSanity">
    <ignored/>
  </testcase> <!-- webForwardsAMessageToMultipleConversations -->
  <testcase name="androidLeavesConversationAsParticipant" time="0.0" classname="com.infinite.netsfere.automationtool.suits.EndToENdSanity">
    <ignored/>
  </testcase> <!-- androidLeavesConversationAsParticipant -->
  <testcase name="androidModifyDefaultTitle" time="0.0" classname="com.infinite.netsfere.automationtool.suits.EndToENdSanity">
    <ignored/>
  </testcase> <!-- androidModifyDefaultTitle -->
  <testcase name="logoutFromAndroid" time="0.0" classname="com.infinite.netsfere.automationtool.suits.EndToENdSanity">
    <ignored/>
  </testcase> <!-- logoutFromAndroid -->
  <testcase name="webSendsMessage" time="0.0" classname="com.infinite.netsfere.automationtool.suits.EndToENdSanity">
    <ignored/>
  </testcase> <!-- webSendsMessage -->
  <testcase name="loginToWebWithInvalidPassword" time="0.0" classname="com.infinite.netsfere.automationtool.suits.EndToENdSanity">
    <ignored/>
  </testcase> <!-- loginToWebWithInvalidPassword -->
  <testcase name="androidGroupConversationWithTitle" time="0.0" classname="com.infinite.netsfere.automationtool.suits.EndToENdSanity">
    <ignored/>
  </testcase> <!-- androidGroupConversationWithTitle -->
  <testcase name="webSendAttachmentFromDevice" time="0.0" classname="com.infinite.netsfere.automationtool.suits.EndToENdSanity">
    <ignored/>
  </testcase> <!-- webSendAttachmentFromDevice -->
  <testcase name="loginToWebWIthInvalidUserId" time="0.0" classname="com.infinite.netsfere.automationtool.suits.EndToENdSanity">
    <ignored/>
  </testcase> <!-- loginToWebWIthInvalidUserId -->
  <testcase name="androidAddGuestUserToExistingConversation" time="0.0" classname="com.infinite.netsfere.automationtool.suits.EndToENdSanity">
    <ignored/>
  </testcase> <!-- androidAddGuestUserToExistingConversation -->
  <testcase name="webChangePassword" time="0.0" classname="com.infinite.netsfere.automationtool.suits.EndToENdSanity">
    <ignored/>
  </testcase> <!-- webChangePassword -->
  <testcase name="androidSendsMessage" time="0.0" classname="com.infinite.netsfere.automationtool.suits.EndToENdSanity">
    <ignored/>
  </testcase> <!-- androidSendsMessage -->
  <testcase name="webForwardsAMessage" time="0.0" classname="com.infinite.netsfere.automationtool.suits.EndToENdSanity">
    <ignored/>
  </testcase> <!-- webForwardsAMessage -->
  <testcase name="webGroupConversationWithTitle" time="0.0" classname="com.infinite.netsfere.automationtool.suits.EndToENdSanity">
    <ignored/>
  </testcase> <!-- webGroupConversationWithTitle -->
  <testcase name="addParticipantInAndroid" time="0.0" classname="com.infinite.netsfere.automationtool.suits.EndToENdSanity">
    <ignored/>
  </testcase> <!-- addParticipantInAndroid -->
  <testcase name="androidCreate1_1ConversationwithWebWithTitle" time="0.0" classname="com.infinite.netsfere.automationtool.suits.EndToENdSanity">
    <ignored/>
  </testcase> <!-- androidCreate1_1ConversationwithWebWithTitle -->
  <testcase name="webCreate1_1ConversationWithAndroidWithoutTitle" time="0.0" classname="com.infinite.netsfere.automationtool.suits.EndToENdSanity">
    <ignored/>
  </testcase> <!-- webCreate1_1ConversationWithAndroidWithoutTitle -->
  <testcase name="webSendMessageToGuestUser" time="0.0" classname="com.infinite.netsfere.automationtool.suits.EndToENdSanity">
    <ignored/>
  </testcase> <!-- webSendMessageToGuestUser -->
  <testcase name="webCreate1_1ConversationWithAndroidWithTitle" time="0.0" classname="com.infinite.netsfere.automationtool.suits.EndToENdSanity">
    <ignored/>
  </testcase> <!-- webCreate1_1ConversationWithAndroidWithTitle -->
  <testcase name="webModifyDefaultTitle" time="0.0" classname="com.infinite.netsfere.automationtool.suits.EndToENdSanity">
    <ignored/>
  </testcase> <!-- webModifyDefaultTitle -->
  <testcase name="webCreateConversationWithANewGuestUser" time="0.0" classname="com.infinite.netsfere.automationtool.suits.EndToENdSanity">
    <ignored/>
  </testcase> <!-- webCreateConversationWithANewGuestUser -->
  <testcase name="androidClickOnHelpButton" time="0.0" classname="com.infinite.netsfere.automationtool.suits.EndToENdSanity">
    <ignored/>
  </testcase> <!-- androidClickOnHelpButton -->
  <testcase name="cancelResetPasswordWeb" time="0.0" classname="com.infinite.netsfere.automationtool.suits.EndToENdSanity">
    <ignored/>
  </testcase> <!-- cancelResetPasswordWeb -->
  <testcase name="webMuteConversation" time="0.0" classname="com.infinite.netsfere.automationtool.suits.EndToENdSanity">
    <ignored/>
  </testcase> <!-- webMuteConversation -->
  <testcase name="unableToResetPassword" time="0.0" classname="com.infinite.netsfere.automationtool.suits.EndToENdSanity">
    <ignored/>
  </testcase> <!-- unableToResetPassword -->
  <testcase name="webExportFirstConversation" time="0.0" classname="com.infinite.netsfere.automationtool.suits.EndToENdSanity">
    <ignored/>
  </testcase> <!-- webExportFirstConversation -->
  <testcase name="androidChangePassword" time="0.0" classname="com.infinite.netsfere.automationtool.suits.EndToENdSanity">
    <ignored/>
  </testcase> <!-- androidChangePassword -->
  <testcase name="androidExportFirstConversation" time="0.0" classname="com.infinite.netsfere.automationtool.suits.EndToENdSanity">
    <ignored/>
  </testcase> <!-- androidExportFirstConversation -->
  <testcase name="androidDestroyConversationAsOwner" time="0.0" classname="com.infinite.netsfere.automationtool.suits.EndToENdSanity">
    <ignored/>
  </testcase> <!-- androidDestroyConversationAsOwner -->
  <testcase name="webTransferOwnershipAndLeaveConversation" time="0.0" classname="com.infinite.netsfere.automationtool.suits.EndToENdSanity">
    <ignored/>
  </testcase> <!-- webTransferOwnershipAndLeaveConversation -->
  <testcase name="androidForwardAttachment" time="0.0" classname="com.infinite.netsfere.automationtool.suits.EndToENdSanity">
    <ignored/>
  </testcase> <!-- androidForwardAttachment -->
  <testcase name="addParticipantInWeb" time="0.0" classname="com.infinite.netsfere.automationtool.suits.EndToENdSanity">
    <ignored/>
  </testcase> <!-- addParticipantInWeb -->
  <testcase name="androidSendAttachmentFromBox" time="0.0" classname="com.infinite.netsfere.automationtool.suits.EndToENdSanity">
    <ignored/>
  </testcase> <!-- androidSendAttachmentFromBox -->
  <testcase name="webCanChangeProfilePic" time="0.0" classname="com.infinite.netsfere.automationtool.suits.EndToENdSanity">
    <ignored/>
  </testcase> <!-- webCanChangeProfilePic -->
  <testcase name="androidTransferOwnershipAndLeaveConversation" time="0.0" classname="com.infinite.netsfere.automationtool.suits.EndToENdSanity">
    <ignored/>
  </testcase> <!-- androidTransferOwnershipAndLeaveConversation -->
  <testcase name="androidForwardMessage" time="0.0" classname="com.infinite.netsfere.automationtool.suits.EndToENdSanity">
    <ignored/>
  </testcase> <!-- androidForwardMessage -->
  <testcase name="webWritesToWriteableChannelAndAndroidReadsTheMessage" time="0.0" classname="com.infinite.netsfere.automationtool.suits.EndToENdSanity">
    <ignored/>
  </testcase> <!-- webWritesToWriteableChannelAndAndroidReadsTheMessage -->
  <testcase name="androidMuteConversation" time="0.0" classname="com.infinite.netsfere.automationtool.suits.EndToENdSanity">
    <ignored/>
  </testcase> <!-- androidMuteConversation -->
  <testcase name="logoutFromWeb" time="0.0" classname="com.infinite.netsfere.automationtool.suits.EndToENdSanity">
    <ignored/>
  </testcase> <!-- logoutFromWeb -->
  <testcase name="webSaveAttachmentToDevice" time="0.0" classname="com.infinite.netsfere.automationtool.suits.EndToENdSanity">
    <ignored/>
  </testcase> <!-- webSaveAttachmentToDevice -->
  <testcase name="webAddGuestUserToExistingConversation" time="0.0" classname="com.infinite.netsfere.automationtool.suits.EndToENdSanity">
    <ignored/>
  </testcase> <!-- webAddGuestUserToExistingConversation -->
  <testcase name="searchSelectConversationInWeb" time="0.0" classname="com.infinite.netsfere.automationtool.suits.EndToENdSanity">
    <ignored/>
  </testcase> <!-- searchSelectConversationInWeb -->
  <testcase name="androidUnableToResetPassword" time="0.0" classname="com.infinite.netsfere.automationtool.suits.EndToENdSanity">
    <ignored/>
  </testcase> <!-- androidUnableToResetPassword -->
  <testcase name="androidSendQuickReply" time="0.0" classname="com.infinite.netsfere.automationtool.suits.EndToENdSanity">
    <ignored/>
  </testcase> <!-- androidSendQuickReply -->
  <testcase name="androidInlineReply" time="0.0" classname="com.infinite.netsfere.automationtool.suits.EndToENdSanity">
    <ignored/>
  </testcase> <!-- androidInlineReply -->
  <testcase name="loginToAndroidWithInvalidPassword" time="0.0" classname="com.infinite.netsfere.automationtool.suits.EndToENdSanity">
    <ignored/>
  </testcase> <!-- loginToAndroidWithInvalidPassword -->
  <testcase name="webCreateConversationWithExistingGuestUser" time="0.0" classname="com.infinite.netsfere.automationtool.suits.EndToENdSanity">
    <ignored/>
  </testcase> <!-- webCreateConversationWithExistingGuestUser -->
  <testcase name="androidCreateConversationWithANewGuestUser" time="0.0" classname="com.infinite.netsfere.automationtool.suits.EndToENdSanity">
    <ignored/>
  </testcase> <!-- androidCreateConversationWithANewGuestUser -->
  <testcase name="webConversationCleanUp" time="0.0" classname="com.infinite.netsfere.automationtool.suits.EndToENdSanity">
    <ignored/>
  </testcase> <!-- webConversationCleanUp -->
  <testcase name="androidWritesToWriteableChannelAndWebReadsTheMessage" time="0.0" classname="com.infinite.netsfere.automationtool.suits.EndToENdSanity">
    <ignored/>
  </testcase> <!-- androidWritesToWriteableChannelAndWebReadsTheMessage -->
  <testcase name="webDestroyConversationAsOwner" time="0.0" classname="com.infinite.netsfere.automationtool.suits.EndToENdSanity">
    <ignored/>
  </testcase> <!-- webDestroyConversationAsOwner -->
  <testcase name="webSendingMessageInStreamlinedConversationUsingCreateButton" time="0.0" classname="com.infinite.netsfere.automationtool.suits.EndToENdSanity">
    <ignored/>
  </testcase> <!-- webSendingMessageInStreamlinedConversationUsingCreateButton -->
  <testcase name="webCanEditMeetingPointURL" time="0.0" classname="com.infinite.netsfere.automationtool.suits.EndToENdSanity">
    <ignored/>
  </testcase> <!-- webCanEditMeetingPointURL -->
  <testcase name="androidSendMessageToGuestUser" time="0.0" classname="com.infinite.netsfere.automationtool.suits.EndToENdSanity">
    <ignored/>
  </testcase> <!-- androidSendMessageToGuestUser -->
  <testcase name="androidCreate1_1ConversationwithWebWithoutTitle" time="0.0" classname="com.infinite.netsfere.automationtool.suits.EndToENdSanity">
    <ignored/>
  </testcase> <!-- androidCreate1_1ConversationwithWebWithoutTitle -->
  <testcase name="webCreateAccountThroughSignUp" time="0.0" classname="com.infinite.netsfere.automationtool.suits.EndToENdSanity">
    <ignored/>
  </testcase> <!-- webCreateAccountThroughSignUp -->
  <testcase name="androidClickOnVersionInfoButton" time="0.0" classname="com.infinite.netsfere.automationtool.suits.EndToENdSanity">
    <ignored/>
  </testcase> <!-- androidClickOnVersionInfoButton -->
  <testcase name="androidSendLocation" time="0.0" classname="com.infinite.netsfere.automationtool.suits.EndToENdSanity">
    <ignored/>
  </testcase> <!-- androidSendLocation -->
  <testcase name="androidClickTermsOfServicesAndPrivacyPolicyButton" time="0.0" classname="com.infinite.netsfere.automationtool.suits.EndToENdSanity">
    <ignored/>
  </testcase> <!-- androidClickTermsOfServicesAndPrivacyPolicyButton -->
  <testcase name="webForwardsAttachment" time="0.0" classname="com.infinite.netsfere.automationtool.suits.EndToENdSanity">
    <ignored/>
  </testcase> <!-- webForwardsAttachment -->
  <testcase name="webLeavesConversationAsParticipant" time="0.0" classname="com.infinite.netsfere.automationtool.suits.EndToENdSanity">
    <ignored/>
  </testcase> <!-- webLeavesConversationAsParticipant -->
  <testcase name="androidSendingMessageInStreamlinedConversationUsingCreateButton" time="0.0" classname="com.infinite.netsfere.automationtool.suits.EndToENdSanity">
    <ignored/>
  </testcase> <!-- androidSendingMessageInStreamlinedConversationUsingCreateButton -->
  <testcase name="webSendQuickReply" time="0.0" classname="com.infinite.netsfere.automationtool.suits.EndToENdSanity">
    <ignored/>
  </testcase> <!-- webSendQuickReply -->
  <testcase name="androidResetPassword" time="0.0" classname="com.infinite.netsfere.automationtool.suits.EndToENdSanity">
    <ignored/>
  </testcase> <!-- androidResetPassword -->
  <testcase name="androidCanEditMeetingPointURL" time="0.0" classname="com.infinite.netsfere.automationtool.suits.EndToENdSanity">
    <ignored/>
  </testcase> <!-- androidCanEditMeetingPointURL -->
  <testcase name="createQuickPollFromAndroidAndParticipantsVote" time="0.0" classname="com.infinite.netsfere.automationtool.suits.EndToENdSanity">
    <ignored/>
  </testcase> <!-- createQuickPollFromAndroidAndParticipantsVote -->
  <testcase name="webRemoveParticipant" time="0.0" classname="com.infinite.netsfere.automationtool.suits.EndToENdSanity">
    <ignored/>
  </testcase> <!-- webRemoveParticipant -->
  <testcase name="createQuickPollFromWebAndParticipantsVote" time="0.0" classname="com.infinite.netsfere.automationtool.suits.EndToENdSanity">
    <ignored/>
  </testcase> <!-- createQuickPollFromWebAndParticipantsVote -->
</testsuite> <!-- Test -->
