<?xml version="1.0" encoding="UTF-8"?>
<!-- Generated by org.testng.reporters.JUnitXMLReporter -->
<testsuite hostname="CV011020435" ignored="25" name="Test" tests="68" failures="2" timestamp="25 Feb 2021 11:44:16 GMT" time="4212.506" errors="0">
  <testcase name="loginToWeb" time="33.078" classname="com.infinite.netsfere.automationtool.suits.EndToENdSanity"/>
  <testcase name="loginToAndroid" time="36.049" classname="com.infinite.netsfere.automationtool.suits.EndToENdSanity"/>
  <testcase name="webCreate1_1ConversationWithAndroidWithoutTitle" time="28.504" classname="com.infinite.netsfere.automationtool.suits.EndToENdSanity"/>
  <testcase name="androidCreate1_1ConversationwithWebWithoutTitle" time="28.061" classname="com.infinite.netsfere.automationtool.suits.EndToENdSanity"/>
  <testcase name="webModifyDefaultTitle" time="70.796" classname="com.infinite.netsfere.automationtool.suits.EndToENdSanity"/>
  <testcase name="androidModifyDefaultTitle" time="20.608" classname="com.infinite.netsfere.automationtool.suits.EndToENdSanity"/>
  <testcase name="webCreate1_1ConversationWithAndroidWithTitle" time="35.539" classname="com.infinite.netsfere.automationtool.suits.EndToENdSanity"/>
  <testcase name="androidCreate1_1ConversationwithWebWithTitle" time="35.975" classname="com.infinite.netsfere.automationtool.suits.EndToENdSanity"/>
  <testcase name="webGroupConversationWithTitle" time="43.901" classname="com.infinite.netsfere.automationtool.suits.EndToENdSanity"/>
  <testcase name="androidGroupConversationWithTitle" time="55.678" classname="com.infinite.netsfere.automationtool.suits.EndToENdSanity"/>
  <testcase name="webSendingMessageInStreamlinedConversationUsingCreateButton" time="35.509" classname="com.infinite.netsfere.automationtool.suits.EndToENdSanity"/>
  <testcase name="androidSendingMessageInStreamlinedConversationUsingCreateButton" time="29.696" classname="com.infinite.netsfere.automationtool.suits.EndToENdSanity"/>
  <testcase name="addParticipantInWeb" time="67.681" classname="com.infinite.netsfere.automationtool.suits.EndToENdSanity"/>
  <testcase name="addParticipantInAndroid" time="92.859" classname="com.infinite.netsfere.automationtool.suits.EndToENdSanity"/>
  <testcase name="webRemoveParticipant" time="50.585" classname="com.infinite.netsfere.automationtool.suits.EndToENdSanity"/>
  <testcase name="androidRemoveParticipant" time="95.484" classname="com.infinite.netsfere.automationtool.suits.EndToENdSanity"/>
  <testcase name="searchSelectConversationInWeb" time="37.047" classname="com.infinite.netsfere.automationtool.suits.EndToENdSanity"/>
  <testcase name="searchSelectConversationInAndroid" time="34.691" classname="com.infinite.netsfere.automationtool.suits.EndToENdSanity"/>
  <testcase name="webSendQuickReply" time="70.625" classname="com.infinite.netsfere.automationtool.suits.EndToENdSanity"/>
  <testcase name="androidSendQuickReply" time="69.099" classname="com.infinite.netsfere.automationtool.suits.EndToENdSanity"/>
  <testcase name="androidSendLocation" time="58.176" classname="com.infinite.netsfere.automationtool.suits.EndToENdSanity">
    <failure type="org.openqa.selenium.NoSuchElementException" message="Can&amp;apos;t locate an element by this strategy: By.chained({By.xpath: //android.widget.TextView[@resource-id=&amp;apos;com.infinite.netsfere:id/action_done&amp;apos; and @index=&amp;apos;0&amp;apos;]})">
      <![CDATA[org.openqa.selenium.NoSuchElementException: Can't locate an element by this strategy: By.chained({By.xpath: //android.widget.TextView[@resource-id='com.infinite.netsfere:id/action_done' and @index='0']})
at io.appium.java_client.pagefactory.AppiumElementLocator.findElement(AppiumElementLocator.java:148)
at io.appium.java_client.pagefactory.interceptors.InterceptorOfASingleElement.intercept(InterceptorOfASingleElement.java:60)
at io.appium.java_client.android.AndroidElement$$EnhancerByCGLIB$$b598166c.click(<generated>)
at com.infinite.netsfere.automationtool.modules.android.pages.ChatPage.addLocationLink(ChatPage.java:388)
at com.infinite.netsfere.automationtool.modules.android.test.ConversationTestCases.sendMyLocation(ConversationTestCases.java:369)
at com.infinite.netsfere.automationtool.suits.EndToENdSanity.androidSendLocation(EndToENdSanity.java:397)
Caused by: org.openqa.selenium.TimeoutException: Expected condition failed: waiting for io.appium.java_client.pagefactory.AppiumElementLocator$WaitingFunction@3f2ef586 (tried for 1 second(s) with 500 milliseconds interval)
at org.openqa.selenium.support.ui.FluentWait.timeoutException(FluentWait.java:303)
at org.openqa.selenium.support.ui.FluentWait.until(FluentWait.java:271)
at io.appium.java_client.pagefactory.AppiumElementLocator.waitFor(AppiumElementLocator.java:121)
at io.appium.java_client.pagefactory.AppiumElementLocator.findElement(AppiumElementLocator.java:141)
... 30 more
Caused by: org.openqa.selenium.NoSuchElementException: Cannot locate an element using By.chained({By.xpath: //android.widget.TextView[@resource-id='com.infinite.netsfere:id/action_done' and @index='0']})
For documentation on this error, please visit: http://seleniumhq.org/exceptions/no_such_element.html
Build info: version: '3.11.0', revision: 'e59cfb3', time: '2018-03-11T20:26:55.152Z'
System info: host: 'CV011020435', ip: '192.168.43.50', os.name: 'Windows 10', os.arch: 'amd64', os.version: '10.0', java.version: '1.8.0_231'
Driver info: driver.version: AndroidDriver
at io.appium.java_client.pagefactory.bys.builder.ByChained.findElement(ByChained.java:74)
at org.openqa.selenium.remote.RemoteWebDriver.findElement(RemoteWebDriver.java:311)
at io.appium.java_client.DefaultGenericMobileDriver.findElement(DefaultGenericMobileDriver.java:58)
at io.appium.java_client.AppiumDriver.findElement(AppiumDriver.java:1)
at io.appium.java_client.android.AndroidDriver.findElement(AndroidDriver.java:1)
at io.appium.java_client.pagefactory.bys.ContentMappedBy.findElement(ContentMappedBy.java:50)
at org.openqa.selenium.remote.RemoteWebDriver.findElement(RemoteWebDriver.java:311)
at io.appium.java_client.DefaultGenericMobileDriver.findElement(DefaultGenericMobileDriver.java:58)
at io.appium.java_client.AppiumDriver.findElement(AppiumDriver.java:1)
at io.appium.java_client.android.AndroidDriver.findElement(AndroidDriver.java:1)
at io.appium.java_client.pagefactory.AppiumElementLocator.lambda$0(AppiumElementLocator.java:142)
at io.appium.java_client.pagefactory.AppiumElementLocator$WaitingFunction.apply(AppiumElementLocator.java:194)
at io.appium.java_client.pagefactory.AppiumElementLocator$WaitingFunction.apply(AppiumElementLocator.java:1)
at org.openqa.selenium.support.ui.FluentWait.until(FluentWait.java:248)
... 32 more
... Removed 25 stack frames]]>
    </failure>
  </testcase> <!-- androidSendLocation -->
  <testcase name="webLeavesConversationAsParticipant" time="121.5" classname="com.infinite.netsfere.automationtool.suits.EndToENdSanity"/>
  <testcase name="androidLeavesConversationAsParticipant" time="176.977" classname="com.infinite.netsfere.automationtool.suits.EndToENdSanity"/>
  <testcase name="webTransferOwnershipAndLeaveConversation" time="94.922" classname="com.infinite.netsfere.automationtool.suits.EndToENdSanity"/>
  <testcase name="androidTransferOwnershipAndLeaveConversation" time="111.293" classname="com.infinite.netsfere.automationtool.suits.EndToENdSanity"/>
  <testcase name="webDestroyConversationAsOwner" time="99.165" classname="com.infinite.netsfere.automationtool.suits.EndToENdSanity"/>
  <testcase name="androidDestroyConversationAsOwner" time="104.098" classname="com.infinite.netsfere.automationtool.suits.EndToENdSanity"/>
  <testcase name="webExportFirstConversation" time="55.435" classname="com.infinite.netsfere.automationtool.suits.EndToENdSanity"/>
  <testcase name="androidExportFirstConversation" time="51.63" classname="com.infinite.netsfere.automationtool.suits.EndToENdSanity"/>
  <testcase name="webSendAttachmentFromDevice" time="97.132" classname="com.infinite.netsfere.automationtool.suits.EndToENdSanity"/>
  <testcase name="webSaveAttachmentToDevice" time="21.271" classname="com.infinite.netsfere.automationtool.suits.EndToENdSanity"/>
  <testcase name="webSendsMessage" time="58.584" classname="com.infinite.netsfere.automationtool.suits.EndToENdSanity"/>
  <testcase name="androidSendsMessage" time="76.095" classname="com.infinite.netsfere.automationtool.suits.EndToENdSanity"/>
  <testcase name="webMuteConversation" time="56.862" classname="com.infinite.netsfere.automationtool.suits.EndToENdSanity"/>
  <testcase name="androidMuteConversation" time="53.193" classname="com.infinite.netsfere.automationtool.suits.EndToENdSanity"/>
  <testcase name="androidSendAttachmentFromBox" time="71.394" classname="com.infinite.netsfere.automationtool.suits.EndToENdSanity"/>
  <testcase name="webCreateConversationWithANewGuestUser" time="52.53" classname="com.infinite.netsfere.automationtool.suits.EndToENdSanity"/>
  <testcase name="androidCreateConversationWithANewGuestUser" time="39.114" classname="com.infinite.netsfere.automationtool.suits.EndToENdSanity"/>
  <testcase name="webCreateConversationWithExistingGuestUser" time="34.633" classname="com.infinite.netsfere.automationtool.suits.EndToENdSanity"/>
  <testcase name="androidCreateConversationWithExistingGuestUser" time="35.468" classname="com.infinite.netsfere.automationtool.suits.EndToENdSanity"/>
  <testcase name="webSendMessageToGuestUser" time="62.951" classname="com.infinite.netsfere.automationtool.suits.EndToENdSanity"/>
  <testcase name="androidSendMessageToGuestUser" time="52.629" classname="com.infinite.netsfere.automationtool.suits.EndToENdSanity"/>
  <testcase name="webAddGuestUserToExistingConversation" time="70.316" classname="com.infinite.netsfere.automationtool.suits.EndToENdSanity"/>
  <testcase name="androidAddGuestUserToExistingConversation" time="85.538" classname="com.infinite.netsfere.automationtool.suits.EndToENdSanity"/>
  <testcase name="webSendingAttachementToGuestUser" time="123.713" classname="com.infinite.netsfere.automationtool.suits.EndToENdSanity"/>
  <testcase name="webWritesToWriteableChannelAndAndroidReadsTheMessage" time="43.204" classname="com.infinite.netsfere.automationtool.suits.EndToENdSanity"/>
  <testcase name="androidWritesToWriteableChannelAndWebReadsTheMessage" time="46.84" classname="com.infinite.netsfere.automationtool.suits.EndToENdSanity"/>
  <testcase name="webSendAttachmentsToWritableChannelAndroidReceive" time="85.825" classname="com.infinite.netsfere.automationtool.suits.EndToENdSanity"/>
  <testcase name="webCreateMeetingForOneToOneCallFromConversation" time="49.659" classname="com.infinite.netsfere.automationtool.suits.EndToENdSanity"/>
  <testcase name="acceptMeetingFromAndroid" time="5.137" classname="com.infinite.netsfere.automationtool.suits.EndToENdSanity"/>
  <testcase name="androidCreateMeetingForOneToOneCallFromConversation" time="36.484" classname="com.infinite.netsfere.automationtool.suits.EndToENdSanity"/>
  <testcase name="acceptMeetingFromWeb" time="17.747" classname="com.infinite.netsfere.automationtool.suits.EndToENdSanity"/>
  <testcase name="webCreateMeetingForGroupCallFromMeetingsPage" time="70.109" classname="com.infinite.netsfere.automationtool.suits.EndToENdSanity"/>
  <testcase name="androidCreateMeetingForGroupCallFromMeetingsPage" time="58.07" classname="com.infinite.netsfere.automationtool.suits.EndToENdSanity"/>
  <testcase name="webChangePassword" time="13.316" classname="com.infinite.netsfere.automationtool.suits.EndToENdSanity">
    <failure type="org.openqa.selenium.ElementNotVisibleException" message="element not interactable
  (Session info: chrome=88.0.4324.182)
  (Driver info: chromedriver=2.42.591088 (7b2b2dca23cca0862f674758c9a3933e685c27d5),platform=Windows NT 10.0.18363 x86_64) (WARNING: The server did not provide any stacktrace information)
Command duration or timeout: 0 milliseconds
Build info: version: &amp;apos;3.11.0&amp;apos;, revision: &amp;apos;e59cfb3&amp;apos;, time: &amp;apos;2018-03-11T20:26:55.152Z&amp;apos;
System info: host: &amp;apos;CV011020435&amp;apos;, ip: &amp;apos;192.168.43.50&amp;apos;, os.name: &amp;apos;Windows 10&amp;apos;, os.arch: &amp;apos;amd64&amp;apos;, os.version: &amp;apos;10.0&amp;apos;, java.version: &amp;apos;1.8.0_231&amp;apos;
Driver info: org.openqa.selenium.chrome.ChromeDriver
Capabilities {acceptInsecureCerts: false, acceptSslCerts: false, applicationCacheEnabled: false, browserConnectionEnabled: false, browserName: chrome, chrome: {chromedriverVersion: 2.42.591088 (7b2b2dca23cca0..., userDataDir: C:\Users\nrathyak\AppData\L...}, cssSelectorsEnabled: true, databaseEnabled: false, goog:chromeOptions: {debuggerAddress: localhost:58849}, handlesAlerts: true, hasTouchScreen: false, javascriptEnabled: true, locationContextEnabled: true, mobileEmulationEnabled: false, nativeEvents: true, networkConnectionEnabled: false, pageLoadStrategy: normal, platform: XP, platformName: XP, rotatable: false, setWindowRect: true, takesHeapSnapshot: true, takesScreenshot: true, unexpectedAlertBehaviour: , unhandledPromptBehavior: , version: 88.0.4324.182, webStorageEnabled: true}
Session ID: 5ccfc04d317538a6e8d6fe259d266faa">
      <![CDATA[org.openqa.selenium.ElementNotVisibleException: element not interactable
  (Session info: chrome=88.0.4324.182)
  (Driver info: chromedriver=2.42.591088 (7b2b2dca23cca0862f674758c9a3933e685c27d5),platform=Windows NT 10.0.18363 x86_64) (WARNING: The server did not provide any stacktrace information)
Command duration or timeout: 0 milliseconds
Build info: version: '3.11.0', revision: 'e59cfb3', time: '2018-03-11T20:26:55.152Z'
System info: host: 'CV011020435', ip: '192.168.43.50', os.name: 'Windows 10', os.arch: 'amd64', os.version: '10.0', java.version: '1.8.0_231'
Driver info: org.openqa.selenium.chrome.ChromeDriver
Capabilities {acceptInsecureCerts: false, acceptSslCerts: false, applicationCacheEnabled: false, browserConnectionEnabled: false, browserName: chrome, chrome: {chromedriverVersion: 2.42.591088 (7b2b2dca23cca0..., userDataDir: C:\Users\nrathyak\AppData\L...}, cssSelectorsEnabled: true, databaseEnabled: false, goog:chromeOptions: {debuggerAddress: localhost:58849}, handlesAlerts: true, hasTouchScreen: false, javascriptEnabled: true, locationContextEnabled: true, mobileEmulationEnabled: false, nativeEvents: true, networkConnectionEnabled: false, pageLoadStrategy: normal, platform: XP, platformName: XP, rotatable: false, setWindowRect: true, takesHeapSnapshot: true, takesScreenshot: true, unexpectedAlertBehaviour: , unhandledPromptBehavior: , version: 88.0.4324.182, webStorageEnabled: true}
Session ID: 5ccfc04d317538a6e8d6fe259d266faa
at org.openqa.selenium.remote.ErrorHandler.createThrowable(ErrorHandler.java:214)
at org.openqa.selenium.remote.ErrorHandler.throwIfResponseFailed(ErrorHandler.java:166)
at org.openqa.selenium.remote.http.JsonHttpResponseCodec.reconstructValue(JsonHttpResponseCodec.java:40)
at org.openqa.selenium.remote.http.AbstractHttpResponseCodec.decode(AbstractHttpResponseCodec.java:80)
at org.openqa.selenium.remote.http.AbstractHttpResponseCodec.decode(AbstractHttpResponseCodec.java:44)
at org.openqa.selenium.remote.HttpCommandExecutor.execute(HttpCommandExecutor.java:158)
at org.openqa.selenium.remote.service.DriverCommandExecutor.execute(DriverCommandExecutor.java:83)
at org.openqa.selenium.remote.RemoteWebDriver.execute(RemoteWebDriver.java:545)
at org.openqa.selenium.remote.RemoteWebElement.execute(RemoteWebElement.java:279)
at org.openqa.selenium.remote.RemoteWebElement.sendKeys(RemoteWebElement.java:100)
at org.openqa.selenium.support.pagefactory.internal.LocatingElementHandler.invoke(LocatingElementHandler.java:51)
at com.sun.proxy.$Proxy30.sendKeys(Unknown Source)
at com.infinite.netsfere.automationtool.modules.web.pages.WebSettingsPage.clickChangePassword(WebSettingsPage.java:192)
at com.infinite.netsfere.automationtool.modules.web.test.SettingsTestCases.webCanChangePassword(SettingsTestCases.java:44)
at com.infinite.netsfere.automationtool.suits.EndToENdSanity.webChangePassword(EndToENdSanity.java:1139)
... Removed 32 stack frames]]>
    </failure>
  </testcase> <!-- webChangePassword -->
  <testcase name="androidChangePassword" time="20.772" classname="com.infinite.netsfere.automationtool.suits.EndToENdSanity"/>
  <testcase name="androidCanEditMeetingPointURL" time="8.784" classname="com.infinite.netsfere.automationtool.suits.EndToENdSanity"/>
  <testcase name="webCanEditMeetingPointURL" time="4.898" classname="com.infinite.netsfere.automationtool.suits.EndToENdSanity"/>
  <testcase name="webCanChangeProfilePic" time="28.712" classname="com.infinite.netsfere.automationtool.suits.EndToENdSanity"/>
  <testcase name="webForwardsAMessage" time="53.715" classname="com.infinite.netsfere.automationtool.suits.EndToENdSanity"/>
  <testcase name="webForwardsAttachment" time="121.578" classname="com.infinite.netsfere.automationtool.suits.EndToENdSanity"/>
  <testcase name="androidForwardMessage" time="64.472" classname="com.infinite.netsfere.automationtool.suits.EndToENdSanity"/>
  <testcase name="webForwardsAMessageToMultipleConversations" time="54.902" classname="com.infinite.netsfere.automationtool.suits.EndToENdSanity"/>
  <testcase name="androidForwardAttachment" time="106.659" classname="com.infinite.netsfere.automationtool.suits.EndToENdSanity"/>
  <testcase name="androidInlineReply" time="40.879" classname="com.infinite.netsfere.automationtool.suits.EndToENdSanity"/>
  <testcase name="webInlineReply" time="51.431" classname="com.infinite.netsfere.automationtool.suits.EndToENdSanity"/>
  <testcase name="logoutFromWeb" time="10.268" classname="com.infinite.netsfere.automationtool.suits.EndToENdSanity"/>
  <testcase name="logoutFromAndroid" time="5.643" classname="com.infinite.netsfere.automationtool.suits.EndToENdSanity"/>
  <testcase name="androidUnableToResetPassword" time="0.0" classname="com.infinite.netsfere.automationtool.suits.EndToENdSanity">
    <ignored/>
  </testcase> <!-- androidUnableToResetPassword -->
  <testcase name="loginToWebWithInvalidPassword" time="0.0" classname="com.infinite.netsfere.automationtool.suits.EndToENdSanity">
    <ignored/>
  </testcase> <!-- loginToWebWithInvalidPassword -->
  <testcase name="loginToWebWIthInvalidUserId" time="0.0" classname="com.infinite.netsfere.automationtool.suits.EndToENdSanity">
    <ignored/>
  </testcase> <!-- loginToWebWIthInvalidUserId -->
  <testcase name="loginToAndroidWithInvalidPassword" time="0.0" classname="com.infinite.netsfere.automationtool.suits.EndToENdSanity">
    <ignored/>
  </testcase> <!-- loginToAndroidWithInvalidPassword -->
  <testcase name="androidInitiatesCallFromContactsAndWebDeclines" time="0.0" classname="com.infinite.netsfere.automationtool.suits.EndToENdSanity">
    <ignored/>
  </testcase> <!-- androidInitiatesCallFromContactsAndWebDeclines -->
  <testcase name="initiateVideoCallFromWeb" time="0.0" classname="com.infinite.netsfere.automationtool.suits.EndToENdSanity">
    <ignored/>
  </testcase> <!-- initiateVideoCallFromWeb -->
  <testcase name="webConversationCleanUp" time="0.0" classname="com.infinite.netsfere.automationtool.suits.EndToENdSanity">
    <ignored/>
  </testcase> <!-- webConversationCleanUp -->
  <testcase name="androidClickOnHelpButton" time="0.0" classname="com.infinite.netsfere.automationtool.suits.EndToENdSanity">
    <ignored/>
  </testcase> <!-- androidClickOnHelpButton -->
  <testcase name="cancelResetPasswordWeb" time="0.0" classname="com.infinite.netsfere.automationtool.suits.EndToENdSanity">
    <ignored/>
  </testcase> <!-- cancelResetPasswordWeb -->
  <testcase name="initiateOneToOneVideoCallFromAndroid" time="0.0" classname="com.infinite.netsfere.automationtool.suits.EndToENdSanity">
    <ignored/>
  </testcase> <!-- initiateOneToOneVideoCallFromAndroid -->
  <testcase name="unableToResetPassword" time="0.0" classname="com.infinite.netsfere.automationtool.suits.EndToENdSanity">
    <ignored/>
  </testcase> <!-- unableToResetPassword -->
  <testcase name="initiateOneToOneVideoCallFromWeb" time="0.0" classname="com.infinite.netsfere.automationtool.suits.EndToENdSanity">
    <ignored/>
  </testcase> <!-- initiateOneToOneVideoCallFromWeb -->
  <testcase name="androidInitiateNewCallFromCallLogPage" time="0.0" classname="com.infinite.netsfere.automationtool.suits.EndToENdSanity">
    <ignored/>
  </testcase> <!-- androidInitiateNewCallFromCallLogPage -->
  <testcase name="webCreateAccountThroughSignUp" time="0.0" classname="com.infinite.netsfere.automationtool.suits.EndToENdSanity">
    <ignored/>
  </testcase> <!-- webCreateAccountThroughSignUp -->
  <testcase name="androidInitiatesOneToOneCallFromConversationAndWebAccepts" time="0.0" classname="com.infinite.netsfere.automationtool.suits.EndToENdSanity">
    <ignored/>
  </testcase> <!-- androidInitiatesOneToOneCallFromConversationAndWebAccepts -->
  <testcase name="androidClickOnVersionInfoButton" time="0.0" classname="com.infinite.netsfere.automationtool.suits.EndToENdSanity">
    <ignored/>
  </testcase> <!-- androidClickOnVersionInfoButton -->
  <testcase name="webSendsMessageDuringCall" time="0.0" classname="com.infinite.netsfere.automationtool.suits.EndToENdSanity">
    <ignored/>
  </testcase> <!-- webSendsMessageDuringCall -->
  <testcase name="androidClickTermsOfServicesAndPrivacyPolicyButton" time="0.0" classname="com.infinite.netsfere.automationtool.suits.EndToENdSanity">
    <ignored/>
  </testcase> <!-- androidClickTermsOfServicesAndPrivacyPolicyButton -->
  <testcase name="webInitiateNewCallFromCallLogPage" time="0.0" classname="com.infinite.netsfere.automationtool.suits.EndToENdSanity">
    <ignored/>
  </testcase> <!-- webInitiateNewCallFromCallLogPage -->
  <testcase name="initiateVideoCallFromAndroid" time="0.0" classname="com.infinite.netsfere.automationtool.suits.EndToENdSanity">
    <ignored/>
  </testcase> <!-- initiateVideoCallFromAndroid -->
  <testcase name="androidResetPassword" time="0.0" classname="com.infinite.netsfere.automationtool.suits.EndToENdSanity">
    <ignored/>
  </testcase> <!-- androidResetPassword -->
  <testcase name="createQuickPollFromAndroidAndParticipantsVote" time="0.0" classname="com.infinite.netsfere.automationtool.suits.EndToENdSanity">
    <ignored/>
  </testcase> <!-- createQuickPollFromAndroidAndParticipantsVote -->
  <testcase name="createQuickPollFromWebAndParticipantsVote" time="0.0" classname="com.infinite.netsfere.automationtool.suits.EndToENdSanity">
    <ignored/>
  </testcase> <!-- createQuickPollFromWebAndParticipantsVote -->
  <testcase name="webInitiatesCallFromContactsAndAndroidRejects" time="0.0" classname="com.infinite.netsfere.automationtool.suits.EndToENdSanity">
    <ignored/>
  </testcase> <!-- webInitiatesCallFromContactsAndAndroidRejects -->
  <testcase name="webInitiatesOneToOneCallFromConversationAndAndroidAccepts" time="0.0" classname="com.infinite.netsfere.automationtool.suits.EndToENdSanity">
    <ignored/>
  </testcase> <!-- webInitiatesOneToOneCallFromConversationAndAndroidAccepts -->
</testsuite> <!-- Test -->
